<?xml version="1.0" encoding="UTF-8"?>
<!-- Generated by org.testng.reporters.JUnitReportReporter -->
<testsuite skipped="0" hostname="DESKTOP-8GQ3KA3" name="testscenarios.TC002_Registration" tests="4" failures="0" timestamp="2022-01-16T09:08:03 IST" time="18.593" errors="0">
  <testcase name="registrationFieldValidation" time="2.206" classname="testscenarios.TC002_Registration"/>
  <system-out/>
  <testcase name="registerWithMandatoryField" time="6.606" classname="testscenarios.TC002_Registration"/>
  <system-out/>
  <testcase name="registerWithMandatoryField" time="5.871" classname="testscenarios.TC002_Registration"/>
  <system-out/>
  <testcase name="registerWithMandatoryField" time="3.910" classname="testscenarios.TC002_Registration"/>
  <system-out/>
</testsuite> <!-- testscenarios.TC002_Registration -->
