<?xml version="1.0" encoding="UTF-8"?>
<!-- Generated by org.testng.reporters.JUnitReportReporter -->
<testsuite skipped="0" hostname="DESKTOP-8GQ3KA3" name="testscenarios.TC001_Login" tests="5" failures="0" timestamp="2022-01-16T09:08:03 IST" time="15.107" errors="0">
  <testcase name="loginFieldValidation" time="1.682" classname="testscenarios.TC001_Login"/>
  <system-out/>
  <testcase name="loginWithValidCredential" time="2.815" classname="testscenarios.TC001_Login"/>
  <system-out/>
  <testcase name="loginWithValidCredential" time="4.432" classname="testscenarios.TC001_Login"/>
  <system-out/>
  <testcase name="loginWithValidCredential" time="3.236" classname="testscenarios.TC001_Login"/>
  <system-out/>
  <testcase name="loginWithInValidCredential" time="2.942" classname="testscenarios.TC001_Login"/>
  <system-out/>
</testsuite> <!-- testscenarios.TC001_Login -->
